mode: set
opencode_wrapper/internal/daemon/registry.go:30.52,31.18 1 1
opencode_wrapper/internal/daemon/registry.go:31.18,33.3 1 0
opencode_wrapper/internal/daemon/registry.go:35.2,36.16 2 1
opencode_wrapper/internal/daemon/registry.go:36.16,38.3 1 0
opencode_wrapper/internal/daemon/registry.go:40.2,41.47 2 1
opencode_wrapper/internal/daemon/registry.go:41.47,43.3 1 1
opencode_wrapper/internal/daemon/registry.go:45.2,46.16 2 1
opencode_wrapper/internal/daemon/registry.go:46.16,48.3 1 0
opencode_wrapper/internal/daemon/registry.go:50.2,58.51 2 1
opencode_wrapper/internal/daemon/registry.go:58.51,61.3 2 0
opencode_wrapper/internal/daemon/registry.go:63.2,63.31 1 1
opencode_wrapper/internal/daemon/registry.go:66.78,71.16 4 1
opencode_wrapper/internal/daemon/registry.go:71.16,73.3 1 0
opencode_wrapper/internal/daemon/registry.go:74.2,77.16 3 1
opencode_wrapper/internal/daemon/registry.go:77.16,78.89 1 1
opencode_wrapper/internal/daemon/registry.go:78.89,80.4 1 1
opencode_wrapper/internal/daemon/registry.go:81.3,81.13 1 0
opencode_wrapper/internal/daemon/registry.go:84.2,84.12 1 1
opencode_wrapper/internal/daemon/registry.go:87.75,95.26 6 1
opencode_wrapper/internal/daemon/registry.go:95.26,97.3 1 1
opencode_wrapper/internal/daemon/registry.go:98.2,98.16 1 1
opencode_wrapper/internal/daemon/registry.go:98.16,100.3 1 0
opencode_wrapper/internal/daemon/registry.go:102.2,102.22 1 1
opencode_wrapper/internal/daemon/registry.go:105.50,110.16 4 1
opencode_wrapper/internal/daemon/registry.go:110.16,112.3 1 0
opencode_wrapper/internal/daemon/registry.go:113.2,116.18 3 1
opencode_wrapper/internal/daemon/registry.go:116.18,118.85 2 1
opencode_wrapper/internal/daemon/registry.go:118.85,120.4 1 0
opencode_wrapper/internal/daemon/registry.go:121.3,121.33 1 1
opencode_wrapper/internal/daemon/registry.go:124.2,124.29 1 1
opencode_wrapper/internal/daemon/registry.go:127.62,132.16 4 1
opencode_wrapper/internal/daemon/registry.go:132.16,134.3 1 0
opencode_wrapper/internal/daemon/registry.go:136.2,137.16 2 1
opencode_wrapper/internal/daemon/registry.go:137.16,139.3 1 0
opencode_wrapper/internal/daemon/registry.go:141.2,141.23 1 1
opencode_wrapper/internal/daemon/registry.go:141.23,143.3 1 1
opencode_wrapper/internal/daemon/registry.go:145.2,145.12 1 1
opencode_wrapper/internal/daemon/registry.go:148.34,152.2 3 0
opencode_wrapper/internal/daemon/server.go:23.44,28.2 1 0
opencode_wrapper/internal/daemon/server.go:30.26,31.37 1 0
opencode_wrapper/internal/daemon/server.go:31.37,33.3 1 0
opencode_wrapper/internal/daemon/server.go:36.2,37.16 2 0
opencode_wrapper/internal/daemon/server.go:37.16,39.3 1 0
opencode_wrapper/internal/daemon/server.go:39.8,40.36 1 0
opencode_wrapper/internal/daemon/server.go:40.36,46.4 5 0
opencode_wrapper/internal/daemon/server.go:47.3,47.69 1 0
opencode_wrapper/internal/daemon/server.go:50.2,52.16 3 0
opencode_wrapper/internal/daemon/server.go:52.16,54.3 1 0
opencode_wrapper/internal/daemon/server.go:55.2,61.12 5 0
opencode_wrapper/internal/daemon/server.go:61.12,64.3 2 0
opencode_wrapper/internal/daemon/server.go:66.2,66.6 1 0
opencode_wrapper/internal/daemon/server.go:66.6,68.17 2 0
opencode_wrapper/internal/daemon/server.go:68.17,70.11 1 0
opencode_wrapper/internal/daemon/server.go:71.13,72.11 1 0
opencode_wrapper/internal/daemon/server.go:73.12,75.13 2 0
opencode_wrapper/internal/daemon/server.go:78.3,78.30 1 0
opencode_wrapper/internal/daemon/server.go:82.25,84.23 2 0
opencode_wrapper/internal/daemon/server.go:84.23,86.3 1 0
opencode_wrapper/internal/daemon/server.go:89.2,89.32 1 0
opencode_wrapper/internal/daemon/server.go:89.32,91.3 1 0
opencode_wrapper/internal/daemon/server.go:93.2,93.50 1 0
opencode_wrapper/internal/daemon/server.go:93.50,95.3 1 0
opencode_wrapper/internal/daemon/server.go:96.2,96.12 1 0
opencode_wrapper/internal/daemon/server.go:99.50,104.16 4 0
opencode_wrapper/internal/daemon/server.go:104.16,106.3 1 0
opencode_wrapper/internal/daemon/server.go:108.2,114.54 2 0
opencode_wrapper/internal/daemon/server.go:114.54,117.3 2 0
opencode_wrapper/internal/daemon/server.go:119.2,121.20 2 0
opencode_wrapper/internal/daemon/server.go:122.14,123.71 1 0
opencode_wrapper/internal/daemon/server.go:125.23,127.23 2 0
opencode_wrapper/internal/daemon/server.go:127.23,129.4 1 0
opencode_wrapper/internal/daemon/server.go:131.3,131.54 1 0
opencode_wrapper/internal/daemon/server.go:131.54,134.4 2 0
opencode_wrapper/internal/daemon/server.go:134.9,139.4 4 0
opencode_wrapper/internal/daemon/server.go:140.3,140.82 1 0
opencode_wrapper/internal/daemon/server.go:142.20,143.46 1 0
opencode_wrapper/internal/daemon/server.go:143.46,145.4 1 0
opencode_wrapper/internal/daemon/server.go:145.9,147.4 1 0
opencode_wrapper/internal/daemon/server.go:149.22,154.41 4 0
opencode_wrapper/internal/daemon/server.go:154.41,156.9 2 0
opencode_wrapper/internal/daemon/server.go:159.3,159.23 1 0
opencode_wrapper/internal/daemon/server.go:159.23,161.4 1 0
opencode_wrapper/internal/daemon/server.go:163.3,163.72 1 0
opencode_wrapper/internal/daemon/server.go:163.72,165.87 2 0
opencode_wrapper/internal/daemon/server.go:165.87,167.5 1 0
opencode_wrapper/internal/daemon/server.go:168.4,168.66 1 0
opencode_wrapper/internal/daemon/server.go:168.66,170.5 1 0
opencode_wrapper/internal/daemon/server.go:173.3,175.17 3 0
opencode_wrapper/internal/daemon/server.go:175.17,177.9 2 0
opencode_wrapper/internal/daemon/server.go:180.3,180.88 1 0
opencode_wrapper/internal/daemon/server.go:180.88,183.9 3 0
opencode_wrapper/internal/daemon/server.go:186.3,187.77 2 0
opencode_wrapper/internal/daemon/server.go:189.23,193.41 3 0
opencode_wrapper/internal/daemon/server.go:193.41,195.9 2 0
opencode_wrapper/internal/daemon/server.go:198.3,199.17 2 0
opencode_wrapper/internal/daemon/server.go:199.17,201.9 2 0
opencode_wrapper/internal/daemon/server.go:204.3,204.84 1 0
opencode_wrapper/internal/daemon/server.go:204.84,207.9 3 0
opencode_wrapper/internal/daemon/server.go:210.3,210.65 1 0
opencode_wrapper/internal/daemon/server.go:210.65,212.4 1 0
opencode_wrapper/internal/daemon/server.go:214.3,215.52 2 0
opencode_wrapper/internal/daemon/server.go:217.23,219.17 2 0
opencode_wrapper/internal/daemon/server.go:219.17,221.9 2 0
opencode_wrapper/internal/daemon/server.go:223.3,223.74 1 0
opencode_wrapper/internal/daemon/server.go:225.21,229.41 3 0
opencode_wrapper/internal/daemon/server.go:229.41,231.9 2 0
opencode_wrapper/internal/daemon/server.go:234.3,235.17 2 0
opencode_wrapper/internal/daemon/server.go:235.17,237.9 2 0
opencode_wrapper/internal/daemon/server.go:239.3,239.72 1 0
opencode_wrapper/internal/daemon/server.go:241.44,242.46 1 0
opencode_wrapper/internal/daemon/server.go:242.46,244.30 1 0
opencode_wrapper/internal/daemon/server.go:244.30,250.80 4 0
opencode_wrapper/internal/daemon/server.go:250.80,251.62 1 0
opencode_wrapper/internal/daemon/server.go:251.62,252.51 1 0
opencode_wrapper/internal/daemon/server.go:252.51,253.92 1 0
opencode_wrapper/internal/daemon/server.go:253.92,255.9 1 0
opencode_wrapper/internal/daemon/server.go:260.5,260.49 1 0
opencode_wrapper/internal/daemon/server.go:260.49,262.11 2 0
opencode_wrapper/internal/daemon/server.go:267.4,270.30 3 0
opencode_wrapper/internal/daemon/server.go:270.30,274.5 3 0
opencode_wrapper/internal/daemon/server.go:274.10,274.38 1 0
opencode_wrapper/internal/daemon/server.go:274.38,278.5 3 0
opencode_wrapper/internal/daemon/server.go:278.10,278.37 1 0
opencode_wrapper/internal/daemon/server.go:278.37,282.5 3 0
opencode_wrapper/internal/daemon/server.go:284.4,285.85 2 0
opencode_wrapper/internal/daemon/server.go:287.9,289.4 1 0
opencode_wrapper/internal/daemon/server.go:292.2,292.32 1 0
opencode_wrapper/internal/daemon/server.go:295.75,298.2 2 0
opencode_wrapper/internal/daemon/server.go:300.55,302.2 1 0
opencode_wrapper/internal/daemon/server.go:304.35,307.2 2 0
